0 info it worked if it ends with ok
1 verbose cli [ '/usr/local/bin/node',
1 verbose cli   '/usr/local/bin/npm',
1 verbose cli   'update',
1 verbose cli   '-g',
1 verbose cli   'learnyounode' ]
2 info using npm@2.14.12
3 info using node@v4.2.4
4 silly mapToRegistry name learnyounode
5 silly mapToRegistry using default registry
6 silly mapToRegistry registry https://registry.npmjs.org/
7 silly mapToRegistry uri https://registry.npmjs.org/learnyounode
8 verbose request uri https://registry.npmjs.org/learnyounode
9 verbose request no auth needed
10 info attempt registry request try #1 at 4:52:14 PM
11 verbose request id 0c72616bdd326f94
12 verbose etag "8HC7QRXMMI26YQK5FZ462IAHC"
13 http request GET https://registry.npmjs.org/learnyounode
14 http 304 https://registry.npmjs.org/learnyounode
15 verbose headers { date: 'Mon, 01 Feb 2016 00:52:13 GMT',
15 verbose headers   via: '1.1 varnish',
15 verbose headers   'cache-control': 'max-age=300',
15 verbose headers   etag: '"8HC7QRXMMI26YQK5FZ462IAHC"',
15 verbose headers   age: '99',
15 verbose headers   connection: 'keep-alive',
15 verbose headers   'x-served-by': 'cache-lax1425-LAX',
15 verbose headers   'x-cache': 'HIT',
15 verbose headers   'x-cache-hits': '1',
15 verbose headers   'x-timer': 'S1454287933.563474,VS0,VE1',
15 verbose headers   vary: 'Accept' }
16 silly get cb [ 304,
16 silly get   { date: 'Mon, 01 Feb 2016 00:52:13 GMT',
16 silly get     via: '1.1 varnish',
16 silly get     'cache-control': 'max-age=300',
16 silly get     etag: '"8HC7QRXMMI26YQK5FZ462IAHC"',
16 silly get     age: '99',
16 silly get     connection: 'keep-alive',
16 silly get     'x-served-by': 'cache-lax1425-LAX',
16 silly get     'x-cache': 'HIT',
16 silly get     'x-cache-hits': '1',
16 silly get     'x-timer': 'S1454287933.563474,VS0,VE1',
16 silly get     vary: 'Accept' } ]
17 verbose etag https://registry.npmjs.org/learnyounode from cache
18 verbose get saving learnyounode to /Users/felice/.npm/registry.npmjs.org/learnyounode/.cache.json
19 info outdated updating [ [ '/usr/local/lib',
19 info outdated     'learnyounode',
19 info outdated     '3.2.0',
19 info outdated     '3.4.0',
19 info outdated     '3.4.0',
19 info outdated     'latest' ] ]
20 verbose install where, what [ '/usr/local/lib', [ 'learnyounode@3.4.0' ] ]
21 verbose install initial load of /usr/local/lib/package.json
22 verbose readDependencies loading dependencies from /usr/local/lib/package.json
23 silly cache add args [ 'learnyounode@3.4.0', null ]
24 verbose cache add spec learnyounode@3.4.0
25 silly cache add parsed spec Result {
25 silly cache add   raw: 'learnyounode@3.4.0',
25 silly cache add   scope: null,
25 silly cache add   name: 'learnyounode',
25 silly cache add   rawSpec: '3.4.0',
25 silly cache add   spec: '3.4.0',
25 silly cache add   type: 'version' }
26 silly addNamed learnyounode@3.4.0
27 verbose addNamed "3.4.0" is a plain semver version for learnyounode
28 silly mapToRegistry name learnyounode
29 silly mapToRegistry using default registry
30 silly mapToRegistry registry https://registry.npmjs.org/
31 silly mapToRegistry uri https://registry.npmjs.org/learnyounode
32 verbose addNameVersion registry:https://registry.npmjs.org/learnyounode not in flight; fetching
33 verbose get https://registry.npmjs.org/learnyounode not expired, no request
34 silly cache afterAdd learnyounode@3.4.0
35 verbose afterAdd /Users/felice/.npm/learnyounode/3.4.0/package/package.json not in flight; writing
36 verbose afterAdd /Users/felice/.npm/learnyounode/3.4.0/package/package.json written
37 silly install resolved [ { name: 'learnyounode',
37 silly install resolved     version: '3.4.0',
37 silly install resolved     description: 'Learn You The Node.js For Much Win! An intro to Node.js via a set of self-guided workshops.',
37 silly install resolved     author:
37 silly install resolved      { name: 'Rod Vagg',
37 silly install resolved        email: 'rod@vagg.org',
37 silly install resolved        url: 'https://github.com/rvagg' },
37 silly install resolved     contributors:
37 silly install resolved      [ [Object],
37 silly install resolved        [Object],
37 silly install resolved        [Object],
37 silly install resolved        [Object],
37 silly install resolved        [Object],
37 silly install resolved        [Object],
37 silly install resolved        [Object],
37 silly install resolved        [Object],
37 silly install resolved        [Object],
37 silly install resolved        [Object],
37 silly install resolved        [Object],
37 silly install resolved        [Object],
37 silly install resolved        [Object],
37 silly install resolved        [Object],
37 silly install resolved        [Object],
37 silly install resolved        [Object],
37 silly install resolved        [Object],
37 silly install resolved        [Object],
37 silly install resolved        [Object],
37 silly install resolved        [Object],
37 silly install resolved        [Object],
37 silly install resolved        [Object],
37 silly install resolved        [Object],
37 silly install resolved        [Object],
37 silly install resolved        [Object],
37 silly install resolved        [Object],
37 silly install resolved        [Object],
37 silly install resolved        [Object],
37 silly install resolved        [Object],
37 silly install resolved        [Object],
37 silly install resolved        [Object],
37 silly install resolved        [Object],
37 silly install resolved        [Object],
37 silly install resolved        [Object],
37 silly install resolved        [Object],
37 silly install resolved        [Object],
37 silly install resolved        [Object],
37 silly install resolved        [Object],
37 silly install resolved        [Object] ],
37 silly install resolved     repository:
37 silly install resolved      { type: 'git',
37 silly install resolved        url: 'git+https://github.com/workshopper/learnyounode.git' },
37 silly install resolved     license: 'MIT',
37 silly install resolved     dependencies:
37 silly install resolved      { after: '~0.8.1',
37 silly install resolved        bl: '~1.0.0',
37 silly install resolved        boganipsum: '~0.1.0',
37 silly install resolved        'colors-tmpl': '~1.0.0',
37 silly install resolved        'combined-stream': '~1.0.5',
37 silly install resolved        'concat-stream': '~1.5.1',
37 silly install resolved        duplexer: '~0.1.1',
37 silly install resolved        hyperquest: '~1.2.0',
37 silly install resolved        rimraf: '~2.5.1',
37 silly install resolved        through: '~2.3.6',
37 silly install resolved        through2: '~2.0.0',
37 silly install resolved        'through2-map': '~2.0.0',
37 silly install resolved        'workshopper-adventure': '^4.4.5',
37 silly install resolved        'workshopper-exercise': '^2.6.0',
37 silly install resolved        'workshopper-wrappedexec': '~0.1.1' },
37 silly install resolved     devDependencies: { 'workshopper-adventure-test': '~1.0.1' },
37 silly install resolved     scripts: { test: 'workshopper-adventure-test' },
37 silly install resolved     bin: { learnyounode: './bin/learnyounode' },
37 silly install resolved     main: './learnyounode.js',
37 silly install resolved     preferGlobal: true,
37 silly install resolved     gitHead: 'aae7299be9e022ce8bc86df2e353ab99e743fb76',
37 silly install resolved     bugs: { url: 'https://github.com/workshopper/learnyounode/issues' },
37 silly install resolved     homepage: 'https://github.com/workshopper/learnyounode#readme',
37 silly install resolved     _id: 'learnyounode@3.4.0',
37 silly install resolved     _shasum: 'a41a640e8ff72259d39bc40835d7327d4b544ec5',
37 silly install resolved     _from: 'learnyounode@3.4.0',
37 silly install resolved     _npmVersion: '3.3.9',
37 silly install resolved     _nodeVersion: '5.0.0',
37 silly install resolved     _npmUser: { name: 'leichtgewicht', email: 'martin.heidegger@gmail.com' },
37 silly install resolved     dist:
37 silly install resolved      { shasum: 'a41a640e8ff72259d39bc40835d7327d4b544ec5',
37 silly install resolved        tarball: 'http://registry.npmjs.org/learnyounode/-/learnyounode-3.4.0.tgz' },
37 silly install resolved     maintainers: [ [Object], [Object], [Object] ],
37 silly install resolved     directories: {},
37 silly install resolved     _resolved: 'https://registry.npmjs.org/learnyounode/-/learnyounode-3.4.0.tgz',
37 silly install resolved     readme: 'ERROR: No README data found!' } ]
38 info install learnyounode@3.4.0 into /usr/local/lib
39 info installOne learnyounode@3.4.0
40 verbose installOne of learnyounode to /usr/local/lib not in flight; installing
41 verbose lock using /Users/felice/.npm/_locks/learnyounode-3267a39f0ae1a4f5.lock for /usr/local/lib/node_modules/learnyounode
42 silly install write writing learnyounode 3.4.0 to /usr/local/lib/node_modules/learnyounode
43 verbose unbuild lib/node_modules/learnyounode
44 info preuninstall learnyounode@3.2.0
45 info uninstall learnyounode@3.2.0
46 verbose unbuild rmStuff learnyounode@3.2.0 from /usr/local/lib/node_modules
47 silly gentlyRm /usr/local/bin/learnyounode is being gently removed
48 silly gentlyRm verifying /usr/local is an npm working directory
49 silly gentlyRm containing path /usr/local is under npm's control, in /usr/local
50 silly gentlyRm deletion target /usr/local/bin/learnyounode is under /usr/local
51 verbose gentlyRm vacuuming from /usr/local/bin/learnyounode up to /usr/local
52 info postuninstall learnyounode@3.2.0
53 silly gentlyRm /usr/local/lib/node_modules/learnyounode is being purged from base /usr/local
54 verbose gentlyRm don't care about contents; nuking /usr/local/lib/node_modules/learnyounode
55 silly vacuum-fs purging /usr/local/lib/node_modules/learnyounode
56 verbose unlock done using /Users/felice/.npm/_locks/learnyounode-3267a39f0ae1a4f5.lock for /usr/local/lib/node_modules/learnyounode
57 verbose stack Error: EACCES: permission denied, unlink '/usr/local/lib/node_modules/learnyounode/.jshintrc'
57 verbose stack     at Error (native)
58 verbose cwd /Users/felice/Desktop/learnyounode/exercise7
59 error Darwin 12.6.0
60 error argv "/usr/local/bin/node" "/usr/local/bin/npm" "update" "-g" "learnyounode"
61 error node v4.2.4
62 error npm  v2.14.12
63 error path /usr/local/lib/node_modules/learnyounode/.jshintrc
64 error code EACCES
65 error errno -13
66 error syscall unlink
67 error Error: EACCES: permission denied, unlink '/usr/local/lib/node_modules/learnyounode/.jshintrc'
67 error     at Error (native)
67 error  { [Error: EACCES: permission denied, unlink '/usr/local/lib/node_modules/learnyounode/.jshintrc']
67 error   errno: -13,
67 error   code: 'EACCES',
67 error   syscall: 'unlink',
67 error   path: '/usr/local/lib/node_modules/learnyounode/.jshintrc' }
68 error Please try running this command again as root/Administrator.
69 verbose exit [ -13, true ]
70 verbose unbuild lib/node_modules/learnyounode
71 info preuninstall learnyounode@3.2.0
72 info uninstall learnyounode@3.2.0
73 verbose unbuild rmStuff learnyounode@3.2.0 from /usr/local/lib/node_modules
74 silly gentlyRm /usr/local/bin/learnyounode is being gently removed
75 silly gentlyRm verifying /usr/local is an npm working directory
76 silly gentlyRm containing path /usr/local is under npm's control, in /usr/local
77 silly gentlyRm deletion target /usr/local/bin/learnyounode is under /usr/local
78 verbose gentlyRm vacuuming from /usr/local/bin/learnyounode up to /usr/local
79 info postuninstall learnyounode@3.2.0
80 silly gentlyRm /usr/local/lib/node_modules/learnyounode is being purged from base /usr/local
81 verbose gentlyRm don't care about contents; nuking /usr/local/lib/node_modules/learnyounode
82 silly vacuum-fs purging /usr/local/lib/node_modules/learnyounode
83 error error rolling back Error: EACCES: permission denied, unlink '/usr/local/lib/node_modules/learnyounode/.jshintrc'
83 error error rolling back     at Error (native)
83 error error rolling back  { [Error: EACCES: permission denied, unlink '/usr/local/lib/node_modules/learnyounode/.jshintrc']
83 error error rolling back   errno: -13,
83 error error rolling back   code: 'EACCES',
83 error error rolling back   syscall: 'unlink',
83 error error rolling back   path: '/usr/local/lib/node_modules/learnyounode/.jshintrc' }
